<?xml version="1.0" encoding="UTF-8"?>
<!-- Generated by org.testng.reporters.JUnitReportReporter -->
<testsuite skipped="0" hostname="LAPTOP-TI0RNES2" name="arrays_programs.Segregating3" tests="1" failures="0" timestamp="2022-12-06T21:44:13 IST" time="0.006" errors="0">
  <testcase name="segregate1" time="0.006" classname="arrays_programs.Segregating3"/>
  <system-out/>
</testsuite> <!-- arrays_programs.Segregating3 -->
