<?xml version="1.0" encoding="UTF-8"?>
<!-- Generated by org.testng.reporters.JUnitReportReporter -->
<testsuite skipped="0" hostname="LAPTOP-TI0RNES2" name="arrays_programs.First3MaxNum" tests="2" failures="0" timestamp="2022-12-06T13:24:52 IST" time="0.000" errors="0">
  <testcase name="max2" time="0.000" classname="arrays_programs.First3MaxNum"/>
  <system-out/>
  <testcase name="max1" time="0.000" classname="arrays_programs.First3MaxNum"/>
  <system-out/>
</testsuite> <!-- arrays_programs.First3MaxNum -->
