<?xml version="1.0" encoding="UTF-8"?>
<!-- Generated by org.testng.reporters.JUnitReportReporter -->
<testsuite skipped="0" hostname="LAPTOP-TI0RNES2" name="string_programs.CountDuplicateWords" tests="1" failures="0" timestamp="2022-12-06T16:19:57 IST" time="0.008" errors="0">
  <testcase name="occurence" time="0.008" classname="string_programs.CountDuplicateWords"/>
  <system-out/>
</testsuite> <!-- string_programs.CountDuplicateWords -->
