<?xml version="1.0" encoding="UTF-8"?>
<!-- Generated by org.testng.reporters.JUnitReportReporter -->
<testsuite skipped="0" hostname="LAPTOP-TI0RNES2" name="string_programs.OccurenceOfCharacter" tests="1" failures="0" timestamp="2022-12-06T12:36:55 IST" time="5.771" errors="0">
  <testcase name="remove1" time="5.771" classname="string_programs.OccurenceOfCharacter"/>
  <system-out/>
</testsuite> <!-- string_programs.OccurenceOfCharacter -->
