<?xml version="1.0" encoding="UTF-8"?>
<!-- Generated by org.testng.reporters.JUnitReportReporter -->
<testsuite skipped="0" hostname="LAPTOP-TI0RNES2" name="string_programs.CountDuplicatesOnly" tests="1" failures="0" timestamp="2022-12-06T12:40:57 IST" time="4.523" errors="0">
  <testcase name="remove1" time="4.523" classname="string_programs.CountDuplicatesOnly"/>
  <system-out/>
</testsuite> <!-- string_programs.CountDuplicatesOnly -->
