<?xml version="1.0" encoding="UTF-8"?>
<!-- Generated by org.testng.reporters.JUnitReportReporter -->
<testsuite skipped="0" hostname="LAPTOP-TI0RNES2" name="string_programs.PositionOfAnyCharacter" tests="2" failures="0" timestamp="2022-12-06T15:02:04 IST" time="11.845" errors="0">
  <testcase name="position2" time="7.397" classname="string_programs.PositionOfAnyCharacter"/>
  <system-out/>
  <testcase name="position1" time="4.448" classname="string_programs.PositionOfAnyCharacter"/>
  <system-out/>
</testsuite> <!-- string_programs.PositionOfAnyCharacter -->
