<?xml version="1.0" encoding="UTF-8"?>
<!-- Generated by org.testng.reporters.JUnitReportReporter -->
<testsuite skipped="0" hostname="LAPTOP-TI0RNES2" name="string_programs.PositionOfEveryCharacters" tests="1" failures="0" timestamp="2022-12-06T13:06:32 IST" time="3.670" errors="0">
  <testcase name="remove1" time="3.670" classname="string_programs.PositionOfEveryCharacters"/>
  <system-out/>
</testsuite> <!-- string_programs.PositionOfEveryCharacters -->
