<?xml version="1.0" encoding="UTF-8"?>
<!-- Generated by org.testng.reporters.JUnitReportReporter -->
<testsuite skipped="0" hostname="LAPTOP-TI0RNES2" name="string_programs.SegregateString" tests="2" failures="0" timestamp="2022-12-07T10:57:53 IST" time="19.557" errors="0">
  <testcase name="descend" time="7.492" classname="string_programs.SegregateString"/>
  <system-out/>
  <testcase name="ascend" time="12.065" classname="string_programs.SegregateString"/>
  <system-out/>
</testsuite> <!-- string_programs.SegregateString -->
