<?xml version="1.0" encoding="UTF-8"?>
<!-- Generated by org.testng.reporters.JUnitReportReporter -->
<testsuite skipped="0" hostname="LAPTOP-TI0RNES2" name="string_programs.ReverseSentence" tests="1" failures="0" timestamp="2022-12-06T22:24:59 IST" time="5.473" errors="0">
  <testcase name="reverse" time="5.473" classname="string_programs.ReverseSentence"/>
  <system-out/>
</testsuite> <!-- string_programs.ReverseSentence -->
