<?xml version="1.0" encoding="UTF-8"?>
<!-- Generated by org.testng.reporters.JUnitReportReporter -->
<testsuite skipped="0" hostname="LAPTOP-TI0RNES2" name="arrays_programs.ReverseArray" tests="1" failures="0" timestamp="2022-12-06T17:25:18 IST" time="0.016" errors="0">
  <testcase name="reverse" time="0.016" classname="arrays_programs.ReverseArray"/>
  <system-out/>
</testsuite> <!-- arrays_programs.ReverseArray -->
