<?xml version="1.0" encoding="UTF-8"?>
<!-- Generated by org.testng.reporters.JUnitReportReporter -->
<testsuite skipped="0" hostname="LAPTOP-TI0RNES2" name="string_programs.CountUniqueWords" tests="1" failures="0" timestamp="2022-12-06T16:21:19 IST" time="0.000" errors="0">
  <testcase name="occurence" time="0.000" classname="string_programs.CountUniqueWords"/>
  <system-out/>
</testsuite> <!-- string_programs.CountUniqueWords -->
