<?xml version="1.0" encoding="UTF-8"?>
<!-- Generated by org.testng.reporters.JUnitReportReporter -->
<testsuite skipped="0" hostname="LAPTOP-TI0RNES2" name="arrays_programs.AddArrayOfDiffSize" tests="2" failures="0" timestamp="2022-12-06T11:56:25 IST" time="0.000" errors="0">
  <testcase name="add2" time="0.000" classname="arrays_programs.AddArrayOfDiffSize"/>
  <system-out/>
  <testcase name="add1" time="0.000" classname="arrays_programs.AddArrayOfDiffSize"/>
  <system-out/>
</testsuite> <!-- arrays_programs.AddArrayOfDiffSize -->
