<?xml version="1.0" encoding="UTF-8"?>
<!-- Generated by org.testng.reporters.JUnitReportReporter -->
<testsuite skipped="0" hostname="LAPTOP-TI0RNES2" name="string_programs.RemoveDuplicates" tests="2" failures="0" timestamp="2022-12-06T12:10:12 IST" time="0.015" errors="0">
  <testcase name="remove2" time="0.015" classname="string_programs.RemoveDuplicates"/>
  <system-out/>
  <testcase name="remove1" time="0.000" classname="string_programs.RemoveDuplicates"/>
  <system-out/>
</testsuite> <!-- string_programs.RemoveDuplicates -->
