<?xml version="1.0" encoding="UTF-8"?>
<!-- Generated by org.testng.reporters.JUnitReportReporter -->
<testsuite skipped="0" hostname="LAPTOP-TI0RNES2" name="arrays_programs.First3MinNumSumAndPro" tests="2" failures="0" timestamp="2022-12-06T13:45:38 IST" time="0.015" errors="0">
  <testcase name="min2" time="0.000" classname="arrays_programs.First3MinNumSumAndPro"/>
  <system-out/>
  <testcase name="min1" time="0.015" classname="arrays_programs.First3MinNumSumAndPro"/>
  <system-out/>
</testsuite> <!-- arrays_programs.First3MinNumSumAndPro -->
