<?xml version="1.0" encoding="UTF-8"?>
<!-- Generated by org.testng.reporters.JUnitReportReporter -->
<testsuite skipped="0" hostname="LAPTOP-TI0RNES2" name="arrays_programs.Segregating2" tests="2" failures="0" timestamp="2022-12-06T10:22:13 IST" time="0.005" errors="0">
  <testcase name="segregate2" time="0.001" classname="arrays_programs.Segregating2"/>
  <system-out/>
  <testcase name="segregate1" time="0.004" classname="arrays_programs.Segregating2"/>
  <system-out/>
</testsuite> <!-- arrays_programs.Segregating2 -->
