<?xml version="1.0" encoding="UTF-8"?>
<!-- Generated by org.testng.reporters.JUnitReportReporter -->
<testsuite skipped="0" hostname="LAPTOP-TI0RNES2" name="string_programs.CountUniqCharacter" tests="1" failures="0" timestamp="2022-12-06T12:46:00 IST" time="14.398" errors="0">
  <testcase name="remove1" time="14.398" classname="string_programs.CountUniqCharacter"/>
  <system-out/>
</testsuite> <!-- string_programs.CountUniqCharacter -->
