<?xml version="1.0" encoding="UTF-8"?>
<!-- Generated by org.testng.reporters.JUnitReportReporter -->
<testsuite skipped="0" hostname="LAPTOP-TI0RNES2" name="string_programs.StringPalindrome" tests="1" failures="0" timestamp="2022-12-06T22:10:27 IST" time="4.761" errors="0">
  <testcase name="reverse1" time="4.761" classname="string_programs.StringPalindrome"/>
  <system-out/>
</testsuite> <!-- string_programs.StringPalindrome -->
