<?xml version="1.0" encoding="UTF-8"?>
<!-- Generated by org.testng.reporters.JUnitReportReporter -->
<testsuite skipped="0" hostname="LAPTOP-TI0RNES2" name="string_programs.PositionOfEveryCharacters" tests="2" failures="0" timestamp="2022-12-06T14:56:48 IST" time="11.707" errors="0">
  <testcase name="position2" time="8.481" classname="string_programs.PositionOfEveryCharacters"/>
  <system-out/>
  <testcase name="position1" time="3.226" classname="string_programs.PositionOfEveryCharacters"/>
  <system-out/>
</testsuite> <!-- string_programs.PositionOfEveryCharacters -->
