<?xml version="1.0" encoding="UTF-8"?>
<!-- Generated by org.testng.reporters.JUnitReportReporter -->
<testsuite skipped="0" hostname="LAPTOP-TI0RNES2" name="string_programs.ReverseLetter" tests="5" failures="0" timestamp="2022-12-06T11:16:02 IST" time="21.957" errors="0">
  <testcase name="reverse5" time="0.001" classname="string_programs.ReverseLetter"/>
  <system-out/>
  <testcase name="reverse2" time="11.163" classname="string_programs.ReverseLetter"/>
  <system-out/>
  <testcase name="reverse4" time="1.889" classname="string_programs.ReverseLetter"/>
  <system-out/>
  <testcase name="reverse1" time="4.773" classname="string_programs.ReverseLetter"/>
  <system-out/>
  <testcase name="reverse3" time="4.131" classname="string_programs.ReverseLetter"/>
  <system-out/>
</testsuite> <!-- string_programs.ReverseLetter -->
