<?xml version="1.0" encoding="UTF-8"?>
<!-- Generated by org.testng.reporters.JUnitReportReporter -->
<testsuite skipped="0" hostname="LAPTOP-TI0RNES2" name="string_programs.PositionOfAnyCharacter" tests="1" failures="0" timestamp="2022-12-06T13:07:24 IST" time="3.656" errors="0">
  <testcase name="remove1" time="3.656" classname="string_programs.PositionOfAnyCharacter"/>
  <system-out/>
</testsuite> <!-- string_programs.PositionOfAnyCharacter -->
