<?xml version="1.0" encoding="UTF-8"?>
<!-- Generated by org.testng.reporters.JUnitReportReporter -->
<testsuite skipped="0" hostname="LAPTOP-TI0RNES2" name="string_programs.RevreseLettersInWord" tests="1" failures="0" timestamp="2022-12-06T15:42:11 IST" time="9.990" errors="0">
  <testcase name="reverse" time="9.990" classname="string_programs.RevreseLettersInWord"/>
  <system-out/>
</testsuite> <!-- string_programs.RevreseLettersInWord -->
