<?xml version="1.0" encoding="UTF-8"?>
<!-- Generated by org.testng.reporters.JUnitReportReporter -->
<testsuite skipped="0" hostname="LAPTOP-TI0RNES2" name="string_programs.OccurenceOfEachWords" tests="2" failures="0" timestamp="2022-12-06T16:20:27 IST" time="0.004" errors="0">
  <testcase name="occurence2" time="0.000" classname="string_programs.OccurenceOfEachWords"/>
  <system-out/>
  <testcase name="occurence" time="0.004" classname="string_programs.OccurenceOfEachWords"/>
  <system-out/>
</testsuite> <!-- string_programs.OccurenceOfEachWords -->
