<?xml version="1.0" encoding="UTF-8"?>
<!-- Generated by org.testng.reporters.JUnitReportReporter -->
<testsuite skipped="0" hostname="LAPTOP-TI0RNES2" name="string_programs.SwapLastAndFirstWord" tests="1" failures="0" timestamp="2022-12-06T15:55:40 IST" time="0.015" errors="0">
  <testcase name="reverse" time="0.015" classname="string_programs.SwapLastAndFirstWord"/>
  <system-out/>
</testsuite> <!-- string_programs.SwapLastAndFirstWord -->
